2021-06-17 11:08:25,166 [INFO] Activator:170 - 


2021-06-17 11:08:25,168 [INFO] Activator:171 - !SESSION log4j initialized
2021-06-18 16:14:28,142 [INFO] Activator:170 - 


2021-06-18 16:14:28,144 [INFO] Activator:171 - !SESSION log4j initialized
2021-06-18 16:16:16,158 [INFO] Activator:170 - 


2021-06-18 16:16:16,159 [INFO] Activator:171 - !SESSION log4j initialized
2021-06-18 16:16:51,631 [INFO] McuFinderGlobals:39 - Set McuFinder mode to 2 (CubeIDE integrated)
2021-06-18 16:16:51,900 [INFO] ApplicationProperties:181 - Using Application install path: C:\ST\STM32CubeIDE_1.6.1\STM32CubeIDE\plugins\com.st.stm32cube.common.mx_6.2.1.202103241236
2021-06-18 16:16:51,924 [INFO] DbMcusXml:74 - Set database path to: C:\ST\STM32CubeIDE_1.6.1\STM32CubeIDE\plugins\com.st.stm32cube.common.mx_6.2.1.202103241236\\db\/mcu/
2021-06-18 16:16:51,928 [INFO] DbBoardsPdsc:56 - Set plugin database path to: C:\ST\STM32CubeIDE_1.6.1\STM32CubeIDE\plugins\com.st.stm32cube.common.mx_6.2.1.202103241236\\db\/plugins/boardmanager/
2021-06-18 16:16:51,929 [INFO] DbMcus:258 - Set plugin images path to: C:\ST\STM32CubeIDE_1.6.1\STM32CubeIDE\plugins\com.st.stm32cube.common.mx_6.2.1.202103241236\\db\/plugins/mcufinder/images/
2021-06-18 16:16:51,929 [INFO] DbBoards:264 - Set plugin images path to: C:\ST\STM32CubeIDE_1.6.1\STM32CubeIDE\plugins\com.st.stm32cube.common.mx_6.2.1.202103241236\\db\/plugins/mcufinder/images/
2021-06-18 16:16:51,933 [INFO] DbExamples:333 - Set plugin images path to: C:\ST\STM32CubeIDE_1.6.1\STM32CubeIDE\plugins\com.st.stm32cube.common.mx_6.2.1.202103241236\\db\/plugins/mcufinder/images/
2021-06-18 16:16:51,943 [INFO] DbMcusAds:85 - Set database path to: C:\Users\Hp\.stmcufinder\plugins\mcufinder//mcu/
2021-06-18 16:16:51,945 [INFO] DbMcusDocs:110 - Set database path to: C:\Users\Hp\.stmcufinder\plugins\mcufinder//mcu/
2021-06-18 16:16:51,949 [INFO] DbMcusJson:65 - Set database path to: C:\Users\Hp\.stmcufinder\plugins\mcufinder//mcu/
2021-06-18 16:16:51,949 [INFO] DbBoardsDocs:110 - Set database path to: C:\Users\Hp\.stmcufinder\plugins\mcufinder//mcu/
2021-06-18 16:16:51,951 [INFO] DbBoardsJson:58 - Set database path to: C:\Users\Hp\.stmcufinder\plugins\mcufinder//mcu/
2021-06-18 16:16:51,956 [INFO] CrossReferenceDbSqlite:196 - Set database path to: C:\Users\Hp\.stmcufinder\plugins\mcufinder//mcu/cs/
2021-06-18 16:16:51,959 [INFO] DbExamplesSqlite:690 - Set database path to: C:\Users\Hp\.stmcufinder\plugins\mcufinder//mcu/
2021-06-18 16:16:52,070 [INFO] RulesReader:52 - Compatibility file has been processed (237 Rules)
2021-06-18 16:16:52,201 [INFO] MicroXplorer:622 - Detected Java Version = 11.0.9.1
2021-06-18 16:16:52,201 [INFO] DbMcusXml:74 - Set database path to: C:\ST\STM32CubeIDE_1.6.1\STM32CubeIDE\plugins\com.st.stm32cube.common.mx_6.2.1.202103241236\\db\/mcu/
2021-06-18 16:16:52,202 [INFO] DbBoardsPdsc:56 - Set plugin database path to: C:\ST\STM32CubeIDE_1.6.1\STM32CubeIDE\plugins\com.st.stm32cube.common.mx_6.2.1.202103241236\\db\/plugins/boardmanager/
2021-06-18 16:16:52,202 [INFO] DbMcus:258 - Set plugin images path to: C:\ST\STM32CubeIDE_1.6.1\STM32CubeIDE\plugins\com.st.stm32cube.common.mx_6.2.1.202103241236\\db\/plugins/mcufinder/images/
2021-06-18 16:16:52,202 [INFO] DbBoards:264 - Set plugin images path to: C:\ST\STM32CubeIDE_1.6.1\STM32CubeIDE\plugins\com.st.stm32cube.common.mx_6.2.1.202103241236\\db\/plugins/mcufinder/images/
2021-06-18 16:16:52,202 [INFO] DbExamples:333 - Set plugin images path to: C:\ST\STM32CubeIDE_1.6.1\STM32CubeIDE\plugins\com.st.stm32cube.common.mx_6.2.1.202103241236\\db\/plugins/mcufinder/images/
2021-06-18 16:16:52,202 [WARN] DbFile:35 - Overriding database path with different value: C:\Users\Hp\.stmcufinder\plugins\mcufinder/ => C:\Users\Hp\.stmcufinder\plugins\mcufinder
2021-06-18 16:16:52,202 [INFO] DbMcusAds:85 - Set database path to: C:\Users\Hp\.stmcufinder\plugins\mcufinder//mcu/
2021-06-18 16:16:52,202 [WARN] DbFile:35 - Overriding database path with different value: C:\Users\Hp\.stmcufinder\plugins\mcufinder/ => C:\Users\Hp\.stmcufinder\plugins\mcufinder
2021-06-18 16:16:52,202 [INFO] DbMcusDocs:110 - Set database path to: C:\Users\Hp\.stmcufinder\plugins\mcufinder//mcu/
2021-06-18 16:16:52,202 [WARN] DbFile:35 - Overriding database path with different value: C:\Users\Hp\.stmcufinder\plugins\mcufinder/ => C:\Users\Hp\.stmcufinder\plugins\mcufinder
2021-06-18 16:16:52,203 [INFO] DbMcusJson:65 - Set database path to: C:\Users\Hp\.stmcufinder\plugins\mcufinder//mcu/
2021-06-18 16:16:52,203 [WARN] DbFile:35 - Overriding database path with different value: C:\Users\Hp\.stmcufinder\plugins\mcufinder/ => C:\Users\Hp\.stmcufinder\plugins\mcufinder
2021-06-18 16:16:52,203 [INFO] DbBoardsDocs:110 - Set database path to: C:\Users\Hp\.stmcufinder\plugins\mcufinder//mcu/
2021-06-18 16:16:52,203 [WARN] DbFile:35 - Overriding database path with different value: C:\Users\Hp\.stmcufinder\plugins\mcufinder/ => C:\Users\Hp\.stmcufinder\plugins\mcufinder
2021-06-18 16:16:52,203 [INFO] DbBoardsJson:58 - Set database path to: C:\Users\Hp\.stmcufinder\plugins\mcufinder//mcu/
2021-06-18 16:16:52,203 [WARN] DbFile:35 - Overriding database path with different value: C:\Users\Hp\.stmcufinder\plugins\mcufinder/ => C:\Users\Hp\.stmcufinder\plugins\mcufinder
2021-06-18 16:16:52,203 [WARN] DbFile:35 - Overriding database path with different value: C:\Users\Hp\.stmcufinder\plugins\mcufinder/ => C:\Users\Hp\.stmcufinder\plugins\mcufinder
2021-06-18 16:16:52,203 [INFO] CrossReferenceDbSqlite:196 - Set database path to: C:\Users\Hp\.stmcufinder\plugins\mcufinder//mcu/cs/
2021-06-18 16:16:52,203 [WARN] DbFile:35 - Overriding database path with different value: C:\Users\Hp\.stmcufinder\plugins\mcufinder/ => C:\Users\Hp\.stmcufinder\plugins\mcufinder
2021-06-18 16:16:52,203 [INFO] DbExamplesSqlite:690 - Set database path to: C:\Users\Hp\.stmcufinder\plugins\mcufinder//mcu/
2021-06-18 16:16:52,309 [INFO] MainPanel:204 - HeapMemory: 268435456
2021-06-18 16:16:52,430 [INFO] DbMcusXml:74 - Set database path to: C:\ST\STM32CubeIDE_1.6.1\STM32CubeIDE\plugins\com.st.stm32cube.common.mx_6.2.1.202103241236\\db\/mcu/
2021-06-18 16:16:52,430 [INFO] DbBoardsPdsc:56 - Set plugin database path to: C:\ST\STM32CubeIDE_1.6.1\STM32CubeIDE\plugins\com.st.stm32cube.common.mx_6.2.1.202103241236\\db\/plugins/boardmanager/
2021-06-18 16:16:52,430 [INFO] DbMcus:258 - Set plugin images path to: C:\ST\STM32CubeIDE_1.6.1\STM32CubeIDE\plugins\com.st.stm32cube.common.mx_6.2.1.202103241236\\db\/plugins/mcufinder/images/
2021-06-18 16:16:52,430 [INFO] DbBoards:264 - Set plugin images path to: C:\ST\STM32CubeIDE_1.6.1\STM32CubeIDE\plugins\com.st.stm32cube.common.mx_6.2.1.202103241236\\db\/plugins/mcufinder/images/
2021-06-18 16:16:52,430 [INFO] DbExamples:333 - Set plugin images path to: C:\ST\STM32CubeIDE_1.6.1\STM32CubeIDE\plugins\com.st.stm32cube.common.mx_6.2.1.202103241236\\db\/plugins/mcufinder/images/
2021-06-18 16:16:52,431 [WARN] DbFile:35 - Overriding database path with different value: C:\Users\Hp\.stmcufinder\plugins\mcufinder/ => C:\Users\Hp\.stmcufinder\plugins\mcufinder
2021-06-18 16:16:52,431 [INFO] DbMcusAds:85 - Set database path to: C:\Users\Hp\.stmcufinder\plugins\mcufinder//mcu/
2021-06-18 16:16:52,431 [WARN] DbFile:35 - Overriding database path with different value: C:\Users\Hp\.stmcufinder\plugins\mcufinder/ => C:\Users\Hp\.stmcufinder\plugins\mcufinder
2021-06-18 16:16:52,431 [INFO] DbMcusDocs:110 - Set database path to: C:\Users\Hp\.stmcufinder\plugins\mcufinder//mcu/
2021-06-18 16:16:52,431 [WARN] DbFile:35 - Overriding database path with different value: C:\Users\Hp\.stmcufinder\plugins\mcufinder/ => C:\Users\Hp\.stmcufinder\plugins\mcufinder
2021-06-18 16:16:52,431 [INFO] DbMcusJson:65 - Set database path to: C:\Users\Hp\.stmcufinder\plugins\mcufinder//mcu/
2021-06-18 16:16:52,431 [WARN] DbFile:35 - Overriding database path with different value: C:\Users\Hp\.stmcufinder\plugins\mcufinder/ => C:\Users\Hp\.stmcufinder\plugins\mcufinder
2021-06-18 16:16:52,432 [INFO] DbBoardsDocs:110 - Set database path to: C:\Users\Hp\.stmcufinder\plugins\mcufinder//mcu/
2021-06-18 16:16:52,432 [WARN] DbFile:35 - Overriding database path with different value: C:\Users\Hp\.stmcufinder\plugins\mcufinder/ => C:\Users\Hp\.stmcufinder\plugins\mcufinder
2021-06-18 16:16:52,432 [INFO] DbBoardsJson:58 - Set database path to: C:\Users\Hp\.stmcufinder\plugins\mcufinder//mcu/
2021-06-18 16:16:52,432 [WARN] DbFile:35 - Overriding database path with different value: C:\Users\Hp\.stmcufinder\plugins\mcufinder/ => C:\Users\Hp\.stmcufinder\plugins\mcufinder
2021-06-18 16:16:52,432 [WARN] DbFile:35 - Overriding database path with different value: C:\Users\Hp\.stmcufinder\plugins\mcufinder/ => C:\Users\Hp\.stmcufinder\plugins\mcufinder
2021-06-18 16:16:52,432 [INFO] CrossReferenceDbSqlite:196 - Set database path to: C:\Users\Hp\.stmcufinder\plugins\mcufinder//mcu/cs/
2021-06-18 16:16:52,432 [WARN] DbFile:35 - Overriding database path with different value: C:\Users\Hp\.stmcufinder\plugins\mcufinder/ => C:\Users\Hp\.stmcufinder\plugins\mcufinder
2021-06-18 16:16:52,432 [INFO] DbExamplesSqlite:690 - Set database path to: C:\Users\Hp\.stmcufinder\plugins\mcufinder//mcu/
2021-06-18 16:16:52,450 [INFO] ApplicationProperties:181 - Using Application install path: C:\ST\STM32CubeIDE_1.6.1\STM32CubeIDE\plugins\com.st.stm32cube.common.mx_6.2.1.202103241236
2021-06-18 16:16:52,451 [INFO] PluginManage:178 - Search for loadable plugins [exclusion list=, ]
2021-06-18 16:16:52,453 [INFO] PluginManage:292 - Check plugin analytics
2021-06-18 16:16:54,603 [INFO] AnalyticsPlugin:233 - Accepted Software Licenses: 
2021-06-18 16:16:54,603 [INFO] AnalyticsPlugin:235 - Accepted CMSIS Pack Licenses: 
2021-06-18 16:16:54,604 [INFO] AnalyticsPlugin:237 - Accepted Firmware Licenses: 
2021-06-18 16:16:54,604 [INFO] PluginManage:342 - Loaded plugin analytics (category:tool,tabindex:-1)
2021-06-18 16:16:54,604 [INFO] PluginManage:292 - Check plugin clock
2021-06-18 16:16:54,625 [INFO] PluginManage:342 - Loaded plugin clock (category:base,tabindex:2)
2021-06-18 16:16:54,625 [INFO] PluginManage:292 - Check plugin ddr
2021-06-18 16:16:54,631 [INFO] PluginManage:342 - Loaded plugin ddr (category:tool,tabindex:6)
2021-06-18 16:16:54,631 [INFO] PluginManage:292 - Check plugin filemanager
2021-06-18 16:16:54,787 [INFO] PluginManage:342 - Loaded plugin filemanager (category:base,tabindex:10)
2021-06-18 16:16:54,787 [INFO] PluginManage:292 - Check plugin ipmanager
2021-06-18 16:16:54,798 [INFO] PluginManage:342 - Loaded plugin ipmanager (category:base,tabindex:5)
2021-06-18 16:16:54,798 [INFO] PluginManage:292 - Check plugin pinoutandconfiguration
2021-06-18 16:16:54,819 [INFO] PluginManage:342 - Loaded plugin pinoutandconfiguration (category:base,tabindex:1)
2021-06-18 16:16:54,819 [INFO] PluginManage:292 - Check plugin pinoutconfig
2021-06-18 16:16:54,851 [INFO] PluginManage:342 - Loaded plugin pinoutconfig (category:base,tabindex:0)
2021-06-18 16:16:54,851 [INFO] PluginManage:292 - Check plugin power
2021-06-18 16:16:54,868 [INFO] PluginManage:342 - Loaded plugin power (category:power,tabindex:4)
2021-06-18 16:16:54,868 [INFO] PluginManage:292 - Check plugin projectmanager
2021-06-18 16:16:54,885 [INFO] PluginManage:342 - Loaded plugin projectmanager (category:projectmanager,tabindex:3)
2021-06-18 16:16:54,885 [INFO] PluginManage:292 - Check plugin thirdparty
2021-06-18 16:16:55,018 [INFO] PluginManage:342 - Loaded plugin thirdparty (category:base,tabindex:-1)
2021-06-18 16:16:55,018 [INFO] PluginManage:292 - Check plugin tools
2021-06-18 16:16:55,018 [WARN] IntegrityCheckThread:59 - waiting for thirdparty lock release [integrity check]
2021-06-18 16:16:55,020 [INFO] IntegrityCheckThread:61 - entering critical section [integrity check]
2021-06-18 16:16:55,020 [INFO] ThirdPartyUpdaterWithRetryManager:56 - Updater plugin not ready yet. [1/15]
2021-06-18 16:16:55,022 [INFO] PluginManage:342 - Loaded plugin tools (category:base,tabindex:7)
2021-06-18 16:16:55,022 [INFO] PluginManage:292 - Check plugin tutovideos
2021-06-18 16:16:55,220 [INFO] PluginManage:342 - Loaded plugin tutovideos (category:base,tabindex:-1)
2021-06-18 16:16:55,220 [INFO] PluginManage:292 - Check plugin updater
2021-06-18 16:16:55,235 [INFO] PluginManage:342 - Loaded plugin updater (category:base,tabindex:12)
2021-06-18 16:16:55,235 [INFO] PluginManage:265 - PluginManage : Loaded plugins [13]
2021-06-18 16:16:55,395 [INFO] PinOutPanel:1435 - setPackage(No Configuration,No Configuration)
2021-06-18 16:16:55,473 [INFO] IPUIPlugin:64 - create IPUIPlugin
2021-06-18 16:16:55,474 [INFO] PluginManager:203 - loadIPPluginJar : add adc
2021-06-18 16:16:55,477 [INFO] IPUIPlugin:64 - create IPUIPlugin
2021-06-18 16:16:55,477 [INFO] PluginManager:203 - loadIPPluginJar : add aes
2021-06-18 16:16:55,480 [INFO] IPUIPlugin:64 - create IPUIPlugin
2021-06-18 16:16:55,480 [INFO] PluginManager:203 - loadIPPluginJar : add can
2021-06-18 16:16:55,482 [INFO] IPUIPlugin:64 - create IPUIPlugin
2021-06-18 16:16:55,482 [INFO] PluginManager:203 - loadIPPluginJar : add comp
2021-06-18 16:16:55,485 [INFO] IPUIPlugin:64 - create IPUIPlugin
2021-06-18 16:16:55,485 [INFO] PluginManager:203 - loadIPPluginJar : add cryp
2021-06-18 16:16:55,488 [INFO] IPUIPlugin:64 - create IPUIPlugin
2021-06-18 16:16:55,488 [INFO] PluginManager:203 - loadIPPluginJar : add dfsdm
2021-06-18 16:16:55,493 [INFO] IPUIPlugin:64 - create IPUIPlugin
2021-06-18 16:16:55,494 [INFO] PluginManager:203 - loadIPPluginJar : add dma
2021-06-18 16:16:55,495 [INFO] IPUIPlugin:64 - create IPUIPlugin
2021-06-18 16:16:55,495 [INFO] PluginManager:203 - loadIPPluginJar : add fatfs
2021-06-18 16:16:55,500 [INFO] IPUIPlugin:64 - create IPUIPlugin
2021-06-18 16:16:55,500 [INFO] PluginManager:203 - loadIPPluginJar : add fmc
2021-06-18 16:16:55,506 [INFO] IPUIPlugin:64 - create IPUIPlugin
2021-06-18 16:16:55,507 [INFO] PluginManager:203 - loadIPPluginJar : add freertos
2021-06-18 16:16:55,508 [INFO] IPUIPlugin:64 - create IPUIPlugin
2021-06-18 16:16:55,508 [INFO] PluginManager:203 - loadIPPluginJar : add genericplugin
2021-06-18 16:16:55,511 [INFO] IPUIPlugin:64 - create IPUIPlugin
2021-06-18 16:16:55,511 [INFO] PluginManager:203 - loadIPPluginJar : add gfxmmu
2021-06-18 16:16:55,516 [INFO] IPUIPlugin:64 - create IPUIPlugin
2021-06-18 16:16:55,516 [INFO] PluginManager:203 - loadIPPluginJar : add gic
2021-06-18 16:16:55,520 [INFO] IPUIPlugin:64 - create IPUIPlugin
2021-06-18 16:16:55,520 [INFO] PluginManager:203 - loadIPPluginJar : add gpio
2021-06-18 16:16:55,524 [INFO] IPUIPlugin:64 - create IPUIPlugin
2021-06-18 16:16:55,524 [INFO] PluginManager:203 - loadIPPluginJar : add gtzc
2021-06-18 16:16:55,526 [INFO] IPUIPlugin:64 - create IPUIPlugin
2021-06-18 16:16:55,526 [INFO] PluginManager:203 - loadIPPluginJar : add hash
2021-06-18 16:16:55,529 [INFO] IPUIPlugin:64 - create IPUIPlugin
2021-06-18 16:16:55,530 [INFO] PluginManager:203 - loadIPPluginJar : add i2c
2021-06-18 16:16:55,532 [INFO] IPUIPlugin:64 - create IPUIPlugin
2021-06-18 16:16:55,532 [INFO] PluginManager:203 - loadIPPluginJar : add i2s
2021-06-18 16:16:55,535 [INFO] IPUIPlugin:64 - create IPUIPlugin
2021-06-18 16:16:55,536 [INFO] PluginManager:203 - loadIPPluginJar : add ipddr
2021-06-18 16:16:55,538 [INFO] IPUIPlugin:64 - create IPUIPlugin
2021-06-18 16:16:55,538 [INFO] PluginManager:203 - loadIPPluginJar : add lorawan
2021-06-18 16:16:55,540 [INFO] IPUIPlugin:64 - create IPUIPlugin
2021-06-18 16:16:55,540 [INFO] PluginManager:203 - loadIPPluginJar : add ltdc
2021-06-18 16:16:55,545 [INFO] IPUIPlugin:64 - create IPUIPlugin
2021-06-18 16:16:55,545 [INFO] PluginManager:203 - loadIPPluginJar : add mdma
2021-06-18 16:16:55,549 [INFO] IPUIPlugin:64 - create IPUIPlugin
2021-06-18 16:16:55,549 [INFO] PluginManager:203 - loadIPPluginJar : add nvic
2021-06-18 16:16:55,552 [INFO] IPUIPlugin:64 - create IPUIPlugin
2021-06-18 16:16:55,552 [INFO] PluginManager:203 - loadIPPluginJar : add opamp
2021-06-18 16:16:55,555 [INFO] IPUIPlugin:64 - create IPUIPlugin
2021-06-18 16:16:55,555 [INFO] PluginManager:203 - loadIPPluginJar : add openamp
2021-06-18 16:16:55,558 [INFO] IPUIPlugin:64 - create IPUIPlugin
2021-06-18 16:16:55,558 [INFO] PluginManager:203 - loadIPPluginJar : add pdm2pcm
2021-06-18 16:16:55,577 [INFO] IPUIPlugin:64 - create IPUIPlugin
2021-06-18 16:16:55,579 [INFO] PluginManager:203 - loadIPPluginJar : add plateformsettings
2021-06-18 16:16:55,581 [INFO] IPUIPlugin:64 - create IPUIPlugin
2021-06-18 16:16:55,582 [INFO] PluginManager:203 - loadIPPluginJar : add quadspi
2021-06-18 16:16:55,587 [INFO] IPUIPlugin:64 - create IPUIPlugin
2021-06-18 16:16:55,587 [INFO] PluginManager:203 - loadIPPluginJar : add resmgrutility
2021-06-18 16:16:55,590 [INFO] IPUIPlugin:64 - create IPUIPlugin
2021-06-18 16:16:55,591 [INFO] PluginManager:203 - loadIPPluginJar : add sai
2021-06-18 16:16:55,593 [INFO] IPUIPlugin:64 - create IPUIPlugin
2021-06-18 16:16:55,593 [INFO] PluginManager:203 - loadIPPluginJar : add spi
2021-06-18 16:16:55,597 [INFO] IPUIPlugin:64 - create IPUIPlugin
2021-06-18 16:16:55,598 [INFO] PluginManager:203 - loadIPPluginJar : add stm32_wpan
2021-06-18 16:16:55,600 [INFO] IPUIPlugin:64 - create IPUIPlugin
2021-06-18 16:16:55,600 [INFO] PluginManager:203 - loadIPPluginJar : add tim
2021-06-18 16:16:55,602 [INFO] IPUIPlugin:64 - create IPUIPlugin
2021-06-18 16:16:55,602 [INFO] PluginManager:203 - loadIPPluginJar : add touchsensing
2021-06-18 16:16:55,604 [INFO] IPUIPlugin:64 - create IPUIPlugin
2021-06-18 16:16:55,605 [INFO] PluginManager:203 - loadIPPluginJar : add tracer_emb
2021-06-18 16:16:55,606 [INFO] IPUIPlugin:64 - create IPUIPlugin
2021-06-18 16:16:55,607 [INFO] PluginManager:203 - loadIPPluginJar : add ts
2021-06-18 16:16:55,608 [INFO] IPUIPlugin:64 - create IPUIPlugin
2021-06-18 16:16:55,608 [INFO] PluginManager:203 - loadIPPluginJar : add tsc
2021-06-18 16:16:55,610 [INFO] IPUIPlugin:64 - create IPUIPlugin
2021-06-18 16:16:55,611 [INFO] PluginManager:203 - loadIPPluginJar : add ucpd
2021-06-18 16:16:55,613 [INFO] IPUIPlugin:64 - create IPUIPlugin
2021-06-18 16:16:55,613 [INFO] PluginManager:203 - loadIPPluginJar : add usart
2021-06-18 16:16:55,911 [FATAL] Updater:284 - Updater called before beeing initialized
2021-06-18 16:16:55,999 [FATAL] Updater:284 - Updater called before beeing initialized
2021-06-18 16:16:56,003 [INFO] DbMcusAds:132 - JSON generation date=Thu Feb 11 19:55:24 PKT 2021 (1613055324029)
2021-06-18 16:16:56,003 [FATAL] Updater:284 - Updater called before beeing initialized
2021-06-18 16:16:56,043 [WARN] DetailPanel:315 - Failed to get advertising image, set to default
2021-06-18 16:16:56,215 [FATAL] Updater:284 - Updater called before beeing initialized
2021-06-18 16:16:56,218 [FATAL] Updater:284 - Updater called before beeing initialized
2021-06-18 16:16:56,218 [FATAL] Updater:284 - Updater called before beeing initialized
2021-06-18 16:16:56,218 [WARN] DetailPanel:315 - Failed to get advertising image, set to default
2021-06-18 16:16:56,219 [FATAL] Updater:284 - Updater called before beeing initialized
2021-06-18 16:16:56,271 [FATAL] Updater:284 - Updater called before beeing initialized
2021-06-18 16:16:56,271 [WARN] ThirdParty:796 - waiting for thirdparty lock release [close project]
2021-06-18 16:16:58,021 [INFO] ThirdPartyUpdaterWithRetryManager:56 - Updater plugin not ready yet. [2/15]
2021-06-18 16:17:01,023 [FATAL] Updater:284 - Updater called before beeing initialized
2021-06-18 16:17:01,024 [ERROR] AbstractThirdPartyUpdaterManager:153 - class java.lang.Integer cannot be cast to class java.util.List (java.lang.Integer and java.util.List are in module java.base of loader 'bootstrap')
2021-06-18 16:17:01,024 [INFO] ThirdParty:900 - Integrity check success = false
2021-06-18 16:17:01,025 [INFO] IntegrityCheckThread:75 - exiting critical section [integrity check]
2021-06-18 16:17:01,026 [INFO] IntegrityCheckThread:78 - End integrity checks thread
2021-06-18 16:17:01,026 [INFO] ThirdParty:798 - entering critical section [close project]
2021-06-18 16:17:01,027 [INFO] ThirdParty:809 - exiting critical section [close project]
2021-06-18 16:17:01,030 [INFO] PinOutPanel:1435 - setPackage(No Configuration,No Configuration)
2021-06-18 16:17:01,031 [FATAL] Updater:284 - Updater called before beeing initialized
2021-06-18 16:17:01,038 [ERROR] Updater:1065 - MainUpdater not yet initialized. External WinMGr cannot be set.
2021-06-18 16:17:01,042 [INFO] Updater:1002 - Updater Version found : 6.2.1
2021-06-18 16:17:01,060 [INFO] ApplicationProperties:181 - Using Application install path: C:\ST\STM32CubeIDE_1.6.1\STM32CubeIDE\plugins\com.st.stm32cube.common.mx_6.2.1.202103241236
2021-06-18 16:17:01,095 [INFO] MainUpdater:479 - Copy updater definitions from MX database
2021-06-18 16:17:01,508 [INFO] MainUpdater:2661 - connection check result : 10
2021-06-18 16:17:01,508 [INFO] MainUpdater:3349 - Updater definition file requires update
2021-06-18 16:17:01,510 [INFO] MainUpdater:255 - Updater Check For Update Now.
2021-06-18 16:17:01,510 [INFO] MicroXplorer:472 - Change Database Version : DB.6.0.21
2021-06-18 16:17:02,210 [INFO] ServerAccessManage:348 - Download File updaters.zip
2021-06-18 16:17:03,635 [INFO] FileExtend:225 - Unzip File : updaters.zip
2021-06-18 16:17:03,635 [INFO] FileExtend:240 - Standard Zip Deflate
2021-06-18 16:17:04,276 [INFO] ServerAccessManage:348 - Download File PacksControlFlags.xml
2021-06-18 16:17:05,104 [INFO] ServerAccessManage:348 - Download File cubemx.pidx
2021-06-18 16:17:05,201 [INFO] LoadServerUpdatesThread:329 - End of LoadServerUpdate Thread
2021-06-18 16:17:05,229 [INFO] CheckServerUpdateThread:102 - End of CheckServer Thread
2021-06-18 16:17:05,241 [INFO] MainUpdater:2661 - connection check result : 10
2021-06-18 16:17:05,711 [INFO] ServerAccessManage:348 - Download File ad.zip
2021-06-18 16:17:08,278 [INFO] FileExtend:225 - Unzip File : ad.zip
2021-06-18 16:17:08,279 [INFO] FileExtend:240 - Standard Zip Deflate
2021-06-18 16:17:08,305 [INFO] LoadUrlFilesThread:135 - End of LoadUrlFiles Thread
2021-06-18 16:17:09,899 [INFO] ServerAccessManage:348 - Download File mcusAds.json._tmp_
2021-06-18 16:17:09,910 [INFO] LoadUrlFilesThread:135 - End of LoadUrlFiles Thread
2021-06-18 16:17:12,660 [INFO] ServerAccessManage:348 - Download File mcusDocs.json._tmp_
2021-06-18 16:17:13,055 [INFO] LoadUrlFilesThread:135 - End of LoadUrlFiles Thread
2021-06-18 16:17:13,196 [INFO] ServerAccessManage:348 - Download File mcusFeaturesAndDescription.json._tmp_
2021-06-18 16:17:32,607 [INFO] LoadUrlFilesThread:135 - End of LoadUrlFiles Thread
2021-06-18 16:17:32,653 [INFO] ServerAccessManage:348 - Download File boardsDocs.json._tmp_
2021-06-18 16:17:33,363 [INFO] LoadUrlFilesThread:135 - End of LoadUrlFiles Thread
2021-06-18 16:17:33,478 [INFO] ServerAccessManage:348 - Download File boards.json._tmp_
2021-06-18 16:17:34,342 [INFO] LoadUrlFilesThread:135 - End of LoadUrlFiles Thread
2021-06-18 16:17:35,105 [INFO] ServerAccessManage:348 - Download File cube-finder-db.zip
2021-06-18 16:18:31,878 [INFO] FileExtend:225 - Unzip File : cube-finder-db.zip
2021-06-18 16:18:31,879 [INFO] FileExtend:240 - Standard Zip Deflate
2021-06-18 16:18:32,171 [INFO] LoadUrlFilesThread:135 - End of LoadUrlFiles Thread
2021-06-18 16:18:32,949 [INFO] ServerAccessManage:348 - Download File crdb.zip
2021-06-18 16:18:34,166 [INFO] FileExtend:225 - Unzip File : crdb.zip
2021-06-18 16:18:34,166 [INFO] FileExtend:240 - Standard Zip Deflate
2021-06-18 16:18:34,187 [INFO] LoadUrlFilesThread:135 - End of LoadUrlFiles Thread
2021-06-18 16:18:34,639 [INFO] ServerAccessManage:348 - Download File tutoVideoDB.zip
2021-06-18 16:18:34,995 [INFO] FileExtend:225 - Unzip File : tutoVideoDB.zip
2021-06-18 16:18:34,995 [INFO] FileExtend:240 - Standard Zip Deflate
2021-06-18 16:18:35,006 [INFO] LoadUrlFilesThread:135 - End of LoadUrlFiles Thread
2021-06-18 16:18:35,007 [INFO] DbMcusAds:132 - JSON generation date=Tue May 11 20:32:49 PKT 2021 (1620747169502)
2021-06-18 16:18:35,023 [INFO] DbMcusDocs:143 - JSON generation date=Mon Jun 07 13:53:21 PKT 2021 (1623056001)
2021-06-18 16:18:35,024 [INFO] DbMcusXml:100 - Load MCU database from C:\ST\STM32CubeIDE_1.6.1\STM32CubeIDE\plugins\com.st.stm32cube.common.mx_6.2.1.202103241236\\db\/mcu/families.xml
2021-06-18 16:18:35,891 [INFO] DbMcusJson:94 - JSON generation date=Mon Jun 07 13:53:21 PKT 2021 (1623056001)
2021-06-18 16:18:36,644 [INFO] DbMcus:175 - Found 1906 MCUs (1866 are supported by CubeMX, 1866 are visible in CubeMX)
2021-06-18 16:18:36,645 [INFO] ApiDb:251 - Load user favorites file C:\Users\Hp/.stm32cubeide/favorites.mcus.txt: 0 item(s)
2021-06-18 16:18:36,645 [INFO] ApiDb:255 - User favorites MCUs=[]
2021-06-18 16:18:36,645 [INFO] DbMcus:187 - Set 0 / 0 favorites MCUs
2021-06-18 16:18:36,976 [INFO] DbMcusDocs:79 - Found 669 MCUs documents
2021-06-18 16:18:36,978 [INFO] ApiDb:276 - Save user favorites file C:\Users\Hp/.stm32cubeide/favorites.mcus.txt: 0 item(s)
2021-06-18 16:18:36,978 [INFO] ApiDb:280 - User favorites MCUs=[]
2021-06-18 16:18:36,978 [INFO] DbMcusXml:100 - Load MCU database from C:\ST\STM32CubeIDE_1.6.1\STM32CubeIDE\plugins\com.st.stm32cube.common.mx_6.2.1.202103241236\\db\/mcu/families.xml
2021-06-18 16:18:37,712 [INFO] DbMcusJson:94 - JSON generation date=Mon Jun 07 13:53:21 PKT 2021 (1623056001)
2021-06-18 16:18:38,354 [INFO] DbMcus:175 - Found 1906 MCUs (1866 are supported by CubeMX, 1866 are visible in CubeMX)
2021-06-18 16:18:38,355 [INFO] ApiDb:251 - Load user favorites file C:\Users\Hp/.stm32cubeide/favorites.mcus.txt: 0 item(s)
2021-06-18 16:18:38,355 [INFO] ApiDb:255 - User favorites MCUs=[]
2021-06-18 16:18:38,355 [INFO] DbMcus:187 - Set 0 / 0 favorites MCUs
2021-06-18 16:18:38,372 [INFO] DbBoardsDocs:143 - JSON generation date=Tue Jun 01 10:52:40 PKT 2021 (1622526760)
2021-06-18 16:18:38,389 [INFO] DbBoardsPdsc:90 - Found 24 items
2021-06-18 16:18:38,393 [INFO] DbBoardsPdsc:90 - Found 9 items
2021-06-18 16:18:38,398 [INFO] DbBoardsPdsc:90 - Found 33 items
2021-06-18 16:18:38,400 [INFO] DbBoardsPdsc:90 - Found 1 items
2021-06-18 16:18:38,408 [INFO] DbBoardsPdsc:90 - Found 46 items
2021-06-18 16:18:38,416 [INFO] DbBoardsPdsc:90 - Found 41 items
2021-06-18 16:18:38,418 [INFO] DbBoardsPdsc:90 - Found 2 items
2021-06-18 16:18:38,421 [INFO] DbBoardsPdsc:90 - Found 5 items
2021-06-18 16:18:38,425 [WARN] DbBoardsPdsc:254 - Board NUCLEO-WB15CC: unknown feature type=, name=, username=Three user LEDs, n=1
2021-06-18 16:18:38,425 [WARN] DbBoardsPdsc:254 - Board NUCLEO-WB15CC: unknown feature type=, name=, username=One reset and three user push-buttons, n=1
2021-06-18 16:18:38,425 [WARN] DbBoardsPdsc:254 - Board NUCLEO-WB15CC: unknown feature type=, name=, username=Arduino Uno V3 expansion connector, n=1
2021-06-18 16:18:38,425 [WARN] DbBoardsPdsc:254 - Board NUCLEO-WB15CC: unknown feature type=, name=, username=ST morpho extension pin headers for full access to all STM32WB I/Os, n=1
2021-06-18 16:18:38,425 [WARN] DbBoardsPdsc:254 - Board NUCLEO-WB15CC: unknown feature type=, name=, username=Integrated PCB antenna and SMA connector footprint, n=1
2021-06-18 16:18:38,425 [WARN] DbBoardsPdsc:254 - Board NUCLEO-WB15CC: unknown feature type=, name=, username=Flexible power-supply options: ST-LINK, USB VBUS, or external sources, n=1
2021-06-18 16:18:38,425 [WARN] DbBoardsPdsc:254 - Board NUCLEO-WB15CC: unknown feature type=, name=, username=On-board footprint to mount a CR2032 battery socket, n=1
2021-06-18 16:18:38,425 [WARN] DbBoardsPdsc:254 - Board NUCLEO-WB15CC: unknown feature type=, name=, username=On-board ST-LINK/V2-1 debugger/programmer with USB re-enumeration capability: mass storage, Virtual COM port, and debug port, n=1
2021-06-18 16:18:38,426 [WARN] DbBoardsPdsc:254 - Board NUCLEO-WB15CC: unknown feature type=, name=, username=Comprehensive free software libraries and examples available with the STM32CubeWB MCU Package, n=1
2021-06-18 16:18:38,426 [WARN] DbBoardsPdsc:254 - Board NUCLEO-WB15CC: unknown feature type=, name=, username=Support of a wide choice of Integrated Development Environments (IDEs) including IAR Embedded Workbench, MDK-ARM, STM32CubeIDE, and Mbed Studio, n=1
2021-06-18 16:18:38,429 [WARN] DbBoardsPdsc:254 - Board STM32H7B3I-DK: unknown feature type=Audio, name=, username=Audio stereo codec with Headphone Amp (CS42L51-CNZ), n=1
2021-06-18 16:18:38,430 [WARN] DbBoardsPdsc:254 - Board STM32H735G-DK: unknown feature type=Audio, name=, username=Audio stereo codec with Headphone Amp (WM8994ECS/R), n=1
2021-06-18 16:18:38,430 [WARN] DbBoardsPdsc:254 - Board STM32WB5MM-DK: unknown feature type=, name=, username=Time-of-Flight and gesture-detection sensor, n=1
2021-06-18 16:18:38,430 [WARN] DbBoardsPdsc:254 - Board STM32WB5MM-DK: unknown feature type=, name=, username=3 push-buttons (2 users and 1 reset) and 1 touch key button, n=1
2021-06-18 16:18:38,431 [WARN] DbBoardsPdsc:254 - Board STM32WB5MM-DK: unknown feature type=, name=, username=Flexible power-supply options: ST-LINK/V2-1 USB connector, 5 V delivered by ARDUINO速 or external connector, USB charger, or USB power, n=1
2021-06-18 16:18:38,431 [WARN] DbBoardsPdsc:254 - Board STM32WB5MM-DK: unknown feature type=, name=, username=On-board ST-LINK/V2-1 debugger/programmer with USB re-enumeration capability: Virtual COM port and debug port, n=1
2021-06-18 16:18:38,431 [WARN] DbBoardsPdsc:254 - Board STM32WB5MM-DK: unknown feature type=, name=, username=Comprehensive free software libraries and examples available with the STM32CubeWB MCU Package, n=1
2021-06-18 16:18:38,431 [WARN] DbBoardsPdsc:254 - Board STM32WB5MM-DK: unknown feature type=, name=, username=Support of a wide choice of Integrated Development Environments (IDEs) including IAR Embedded Workbench速, MDK-ARM, and STM32CubeIDE, n=1
2021-06-18 16:18:38,432 [WARN] DbBoardsPdsc:254 - Board STM32H7B3I-EVAL: unknown feature type=Audio, name=, username=Multi-Channel Audio Codec (CS42L51-CNZ), n=1
2021-06-18 16:18:38,433 [WARN] DbBoardsPdsc:254 - Board STM32H7B3I-EVAL: unknown feature type=Meter, name=, username=Power-metering and Temperature-monitoring with sigma-delta modulators, n=1
2021-06-18 16:18:38,433 [WARN] DbBoardsPdsc:254 - Board STM32H7B3I-EVAL: unknown feature type=Motor, name=, username=Motor Control, n=1
2021-06-18 16:18:38,450 [INFO] DbBoardsJson:87 - JSON generation date=Tue Jun 01 10:52:40 PKT 2021 (1622526760)
2021-06-18 16:18:38,456 [INFO] DbBoards:117 - Found 161 boards (158 are supported by CubeMX)
2021-06-18 16:18:38,468 [INFO] DbBoardsDocs:143 - JSON generation date=Tue Jun 01 10:52:40 PKT 2021 (1622526760)
2021-06-18 16:18:38,490 [INFO] DbBoardsDocs:79 - Found 193 boards documents
2021-06-18 16:18:38,491 [WARN] DbBoards:127 - board B-L462E-CELL1 has no document id list !
2021-06-18 16:18:38,492 [WARN] DbBoards:127 - board B-L475E-IOT01A2 has no document id list !
2021-06-18 16:18:38,492 [WARN] DbBoards:127 - board NUCLEO-G0B1RE has no document id list !
2021-06-18 16:18:38,492 [WARN] DbBoards:127 - board NUCLEO-H743ZI has no document id list !
2021-06-18 16:18:38,493 [WARN] DbBoards:127 - board NUCLEO-L4A6ZG has no document id list !
2021-06-18 16:18:38,493 [WARN] DbBoards:127 - board NUCLEO-WB15CC has no document id list !
2021-06-18 16:18:38,493 [WARN] DbBoards:127 - board NUCLEO-WB55RG has no document id list !
2021-06-18 16:18:38,493 [WARN] DbBoards:127 - board NUCLEO-WL55JC2 has no document id list !
2021-06-18 16:18:38,493 [WARN] DbBoards:127 - board P-NUCLEO-WB55-Nucleo has no document id list !
2021-06-18 16:18:38,493 [WARN] DbBoards:127 - board P-NUCLEO-WB55-USBDongle has no document id list !
2021-06-18 16:18:38,494 [WARN] DbBoards:127 - board STEVAL-BFA001V1B has no document id list !
2021-06-18 16:18:38,494 [WARN] DbBoards:127 - board STEVAL-BFA001V2B has no document id list !
2021-06-18 16:18:38,494 [WARN] DbBoards:127 - board STEVAL-IDP005V1 has no document id list !
2021-06-18 16:18:38,494 [WARN] DbBoards:127 - board STEVAL-IDP005V2 has no document id list !
2021-06-18 16:18:38,494 [WARN] DbBoards:127 - board STEVAL-MKSBOX1V1 has no document id list !
2021-06-18 16:18:38,494 [WARN] DbBoards:127 - board STEVAL-STWINKT1 has no document id list !
2021-06-18 16:18:38,494 [WARN] DbBoards:127 - board STEVAL-STWINKT1B has no document id list !
2021-06-18 16:18:38,494 [WARN] DbBoards:127 - board STM32F401C-DISCO has no document id list !
2021-06-18 16:18:38,495 [WARN] DbBoards:127 - board STM32F769I-DISC1 has no document id list !
2021-06-18 16:18:38,495 [WARN] DbBoards:127 - board STM32G0C1E-EV has no document id list !
2021-06-18 16:18:38,495 [WARN] DbBoards:127 - board STM32G474E-EVAL1 has no document id list !
2021-06-18 16:18:38,495 [WARN] DbBoards:127 - board STM32H743I-EVAL2 has no document id list !
2021-06-18 16:18:38,495 [WARN] DbBoards:127 - board STM32H747I-DISC1 has no document id list !
2021-06-18 16:18:38,496 [WARN] DbBoards:127 - board STM32H753I-EVAL2 has no document id list !
2021-06-18 16:18:38,496 [WARN] DbBoards:127 - board STM32L-DISCOVERY has no document id list !
2021-06-18 16:18:38,496 [WARN] DbBoards:127 - board STM32MP157A-DK1 has no document id list !
2021-06-18 16:18:38,496 [WARN] DbBoards:127 - board STM32MP157F-DK2 has no document id list !
2021-06-18 16:18:38,496 [WARN] DbBoards:127 - board STM32MP157F-EV1 has no document id list !
2021-06-18 16:18:38,496 [WARN] DbBoards:127 - board STM32WB5MM-DK has no document id list !
2021-06-18 16:18:40,097 [INFO] ApiDb:242 - User favorites file not found: C:\Users\Hp/.stm32cubeide/favorites.boards.txt
2021-06-18 16:18:40,097 [INFO] DbBoards:206 - Set 0 / 0 favorites Boards
2021-06-18 16:18:40,113 [INFO] DbBoardsDocs:79 - Found 386 boards documents
2021-06-18 16:18:40,114 [INFO] ApiDb:276 - Save user favorites file C:\Users\Hp/.stm32cubeide/favorites.boards.txt: 0 item(s)
2021-06-18 16:18:40,114 [INFO] ApiDb:280 - User favorites Boards=[]
2021-06-18 16:18:40,117 [INFO] DbBoardsPdsc:90 - Found 24 items
2021-06-18 16:18:40,118 [INFO] DbBoardsPdsc:90 - Found 9 items
2021-06-18 16:18:40,121 [INFO] DbBoardsPdsc:90 - Found 33 items
2021-06-18 16:18:40,122 [INFO] DbBoardsPdsc:90 - Found 1 items
2021-06-18 16:18:40,126 [INFO] DbBoardsPdsc:90 - Found 46 items
2021-06-18 16:18:40,131 [INFO] DbBoardsPdsc:90 - Found 41 items
2021-06-18 16:18:40,132 [INFO] DbBoardsPdsc:90 - Found 2 items
2021-06-18 16:18:40,133 [INFO] DbBoardsPdsc:90 - Found 5 items
2021-06-18 16:18:40,134 [WARN] DbBoardsPdsc:254 - Board NUCLEO-WB15CC: unknown feature type=, name=, username=Three user LEDs, n=1
2021-06-18 16:18:40,134 [WARN] DbBoardsPdsc:254 - Board NUCLEO-WB15CC: unknown feature type=, name=, username=One reset and three user push-buttons, n=1
2021-06-18 16:18:40,134 [WARN] DbBoardsPdsc:254 - Board NUCLEO-WB15CC: unknown feature type=, name=, username=Arduino Uno V3 expansion connector, n=1
2021-06-18 16:18:40,134 [WARN] DbBoardsPdsc:254 - Board NUCLEO-WB15CC: unknown feature type=, name=, username=ST morpho extension pin headers for full access to all STM32WB I/Os, n=1
2021-06-18 16:18:40,134 [WARN] DbBoardsPdsc:254 - Board NUCLEO-WB15CC: unknown feature type=, name=, username=Integrated PCB antenna and SMA connector footprint, n=1
2021-06-18 16:18:40,134 [WARN] DbBoardsPdsc:254 - Board NUCLEO-WB15CC: unknown feature type=, name=, username=Flexible power-supply options: ST-LINK, USB VBUS, or external sources, n=1
2021-06-18 16:18:40,134 [WARN] DbBoardsPdsc:254 - Board NUCLEO-WB15CC: unknown feature type=, name=, username=On-board footprint to mount a CR2032 battery socket, n=1
2021-06-18 16:18:40,135 [WARN] DbBoardsPdsc:254 - Board NUCLEO-WB15CC: unknown feature type=, name=, username=On-board ST-LINK/V2-1 debugger/programmer with USB re-enumeration capability: mass storage, Virtual COM port, and debug port, n=1
2021-06-18 16:18:40,135 [WARN] DbBoardsPdsc:254 - Board NUCLEO-WB15CC: unknown feature type=, name=, username=Comprehensive free software libraries and examples available with the STM32CubeWB MCU Package, n=1
2021-06-18 16:18:40,135 [WARN] DbBoardsPdsc:254 - Board NUCLEO-WB15CC: unknown feature type=, name=, username=Support of a wide choice of Integrated Development Environments (IDEs) including IAR Embedded Workbench, MDK-ARM, STM32CubeIDE, and Mbed Studio, n=1
2021-06-18 16:18:40,136 [WARN] DbBoardsPdsc:254 - Board STM32H7B3I-DK: unknown feature type=Audio, name=, username=Audio stereo codec with Headphone Amp (CS42L51-CNZ), n=1
2021-06-18 16:18:40,136 [WARN] DbBoardsPdsc:254 - Board STM32H735G-DK: unknown feature type=Audio, name=, username=Audio stereo codec with Headphone Amp (WM8994ECS/R), n=1
2021-06-18 16:18:40,136 [WARN] DbBoardsPdsc:254 - Board STM32WB5MM-DK: unknown feature type=, name=, username=Time-of-Flight and gesture-detection sensor, n=1
2021-06-18 16:18:40,136 [WARN] DbBoardsPdsc:254 - Board STM32WB5MM-DK: unknown feature type=, name=, username=3 push-buttons (2 users and 1 reset) and 1 touch key button, n=1
2021-06-18 16:18:40,136 [WARN] DbBoardsPdsc:254 - Board STM32WB5MM-DK: unknown feature type=, name=, username=Flexible power-supply options: ST-LINK/V2-1 USB connector, 5 V delivered by ARDUINO速 or external connector, USB charger, or USB power, n=1
2021-06-18 16:18:40,136 [WARN] DbBoardsPdsc:254 - Board STM32WB5MM-DK: unknown feature type=, name=, username=On-board ST-LINK/V2-1 debugger/programmer with USB re-enumeration capability: Virtual COM port and debug port, n=1
2021-06-18 16:18:40,137 [WARN] DbBoardsPdsc:254 - Board STM32WB5MM-DK: unknown feature type=, name=, username=Comprehensive free software libraries and examples available with the STM32CubeWB MCU Package, n=1
2021-06-18 16:18:40,137 [WARN] DbBoardsPdsc:254 - Board STM32WB5MM-DK: unknown feature type=, name=, username=Support of a wide choice of Integrated Development Environments (IDEs) including IAR Embedded Workbench速, MDK-ARM, and STM32CubeIDE, n=1
2021-06-18 16:18:40,138 [WARN] DbBoardsPdsc:254 - Board STM32H7B3I-EVAL: unknown feature type=Audio, name=, username=Multi-Channel Audio Codec (CS42L51-CNZ), n=1
2021-06-18 16:18:40,138 [WARN] DbBoardsPdsc:254 - Board STM32H7B3I-EVAL: unknown feature type=Meter, name=, username=Power-metering and Temperature-monitoring with sigma-delta modulators, n=1
2021-06-18 16:18:40,138 [WARN] DbBoardsPdsc:254 - Board STM32H7B3I-EVAL: unknown feature type=Motor, name=, username=Motor Control, n=1
2021-06-18 16:18:40,152 [INFO] DbBoardsJson:87 - JSON generation date=Tue Jun 01 10:52:40 PKT 2021 (1622526760)
2021-06-18 16:18:40,154 [INFO] DbBoards:117 - Found 161 boards (158 are supported by CubeMX)
2021-06-18 16:18:40,154 [WARN] DbBoards:127 - board B-L462E-CELL1 has no document id list !
2021-06-18 16:18:40,154 [WARN] DbBoards:127 - board B-L475E-IOT01A2 has no document id list !
2021-06-18 16:18:40,155 [WARN] DbBoards:127 - board NUCLEO-G0B1RE has no document id list !
2021-06-18 16:18:40,155 [WARN] DbBoards:127 - board NUCLEO-H743ZI has no document id list !
2021-06-18 16:18:40,155 [WARN] DbBoards:127 - board NUCLEO-L4A6ZG has no document id list !
2021-06-18 16:18:40,155 [WARN] DbBoards:127 - board NUCLEO-WB15CC has no document id list !
2021-06-18 16:18:40,155 [WARN] DbBoards:127 - board NUCLEO-WB55RG has no document id list !
2021-06-18 16:18:40,155 [WARN] DbBoards:127 - board NUCLEO-WL55JC2 has no document id list !
2021-06-18 16:18:40,155 [WARN] DbBoards:127 - board P-NUCLEO-WB55-Nucleo has no document id list !
2021-06-18 16:18:40,155 [WARN] DbBoards:127 - board P-NUCLEO-WB55-USBDongle has no document id list !
2021-06-18 16:18:40,155 [WARN] DbBoards:127 - board STEVAL-BFA001V1B has no document id list !
2021-06-18 16:18:40,155 [WARN] DbBoards:127 - board STEVAL-BFA001V2B has no document id list !
2021-06-18 16:18:40,155 [WARN] DbBoards:127 - board STEVAL-IDP005V1 has no document id list !
2021-06-18 16:18:40,156 [WARN] DbBoards:127 - board STEVAL-IDP005V2 has no document id list !
2021-06-18 16:18:40,156 [WARN] DbBoards:127 - board STEVAL-MKSBOX1V1 has no document id list !
2021-06-18 16:18:40,156 [WARN] DbBoards:127 - board STEVAL-STWINKT1 has no document id list !
2021-06-18 16:18:40,156 [WARN] DbBoards:127 - board STEVAL-STWINKT1B has no document id list !
2021-06-18 16:18:40,156 [WARN] DbBoards:127 - board STM32F401C-DISCO has no document id list !
2021-06-18 16:18:40,156 [WARN] DbBoards:127 - board STM32F769I-DISC1 has no document id list !
2021-06-18 16:18:40,156 [WARN] DbBoards:127 - board STM32G0C1E-EV has no document id list !
2021-06-18 16:18:40,156 [WARN] DbBoards:127 - board STM32G474E-EVAL1 has no document id list !
2021-06-18 16:18:40,156 [WARN] DbBoards:127 - board STM32H743I-EVAL2 has no document id list !
2021-06-18 16:18:40,156 [WARN] DbBoards:127 - board STM32H747I-DISC1 has no document id list !
2021-06-18 16:18:40,156 [WARN] DbBoards:127 - board STM32H753I-EVAL2 has no document id list !
2021-06-18 16:18:40,158 [WARN] DbBoards:127 - board STM32L-DISCOVERY has no document id list !
2021-06-18 16:18:40,158 [WARN] DbBoards:127 - board STM32MP157A-DK1 has no document id list !
2021-06-18 16:18:40,158 [WARN] DbBoards:127 - board STM32MP157F-DK2 has no document id list !
2021-06-18 16:18:40,158 [WARN] DbBoards:127 - board STM32MP157F-EV1 has no document id list !
2021-06-18 16:18:40,158 [WARN] DbBoards:127 - board STM32WB5MM-DK has no document id list !
2021-06-18 16:18:41,180 [INFO] ApiDb:251 - Load user favorites file C:\Users\Hp/.stm32cubeide/favorites.boards.txt: 0 item(s)
2021-06-18 16:18:41,180 [INFO] ApiDb:255 - User favorites Boards=[]
2021-06-18 16:18:41,180 [INFO] DbBoards:206 - Set 0 / 0 favorites Boards
2021-06-18 16:18:41,316 [INFO] ApiDb:479 - Connected to CubeFinder SQLite database (C:\Users\Hp\.stmcufinder\plugins\mcufinder\mcu\cube-finder-db.db)
2021-06-18 16:18:41,816 [INFO] DbExamplesSqlite:401 - Ignored 36 examples not supported by CubeIDE
2021-06-18 16:18:41,817 [INFO] DbExamplesSqlite:402 - Found 4835 examples active
2021-06-18 16:18:41,817 [INFO] DbExamplesSqlite:403 - Found 274 examples obsolete
2021-06-18 16:18:41,817 [INFO] DbExamplesSqlite:404 - Found 0 examples under development
2021-06-18 16:18:41,817 [INFO] DbExamplesSqlite:405 - Found 76 examples not building
2021-06-18 16:18:41,850 [INFO] DbExamplesSqlite:104 - CubeFinder database Data Model version=2.1
2021-06-18 16:18:41,850 [INFO] DbExamplesSqlite:105 - CubeFinder database Configuration version=3.0-WIP12
2021-06-18 16:18:41,851 [INFO] DbExamplesSqlite:106 - CubeFinder database generation date=2021-05-10 (1620656699)
2021-06-18 16:18:41,851 [INFO] DbExamplesSqlite:107 - CubeFinder database FW Pack versions=[STM32Cube_FW_F4_V1.26.1, STM32Cube_FW_F7_V1.16.1, STM32Cube_FW_G0_V1.4.1, STM32Cube_FW_G4_V1.4.0, STM32Cube_FW_H7_V1.9.0, STM32Cube_FW_L5_V1.4.0, STM32Cube_FW_WB_V1.11.1, STM32Cube_FW_WL_V1.0.0, X-CUBE-AZRTOS-H7_V1.0.0, X-CUBE-BLE1_V6.2.0, X-CUBE-BLE2_V3.2.0, X-CUBE-GNSS1_V5.2.0]
2021-06-18 16:18:41,852 [INFO] DbExamples:130 - Found 4875 examples
2021-06-18 16:18:42,544 [ERROR] DbExamples:206 - Found 301 examples with invalid data (board or MCU)
2021-06-18 16:18:42,545 [INFO] DbExamples:222 - Found 63 boards with related examples
2021-06-18 16:18:42,554 [INFO] DbExamples:235 - Found 52 MCUs with related examples
2021-06-18 16:18:42,567 [INFO] ApiDb:242 - User favorites file not found: C:\Users\Hp/.stm32cubeide/favorites.examples.txt
2021-06-18 16:18:42,567 [INFO] DbExamples:256 - Set 0 / 0 favorites Examples
2021-06-18 16:18:42,806 [INFO] CrossSelectorPresenter:1330 - Cross Selector saved comparison directory: C:\Users\Hp\.stmcufinder\plugins\mcufinder\mcu\cs_comparisons_mx
2021-06-18 16:18:42,811 [INFO] MultiScanPanel:200 - Auto-refresh data requested => check proxy status ongoing
2021-06-18 16:18:42,813 [INFO] FinderPluginLoader:87 - Searching for filters in installed packs
2021-06-18 16:18:43,232 [WARN] DetailPanel:315 - Failed to get advertising image, set to default
2021-06-18 16:20:37,678 [INFO] MainUpdater:2661 - connection check result : 10
2021-06-18 16:20:37,811 [INFO] CrossSelectorPresenter:1330 - Cross Selector saved comparison directory: C:\Users\Hp\.stmcufinder\plugins\mcufinder\mcu\cs_comparisons_mx
2021-06-18 16:20:37,813 [INFO] MultiScanPanel:200 - Auto-refresh data requested => check proxy status ongoing
2021-06-18 16:20:37,814 [INFO] FinderPluginLoader:87 - Searching for filters in installed packs
2021-06-18 16:20:38,046 [WARN] DetailPanel:315 - Failed to get advertising image, set to default
